Arguments: 
  /Users/nakagawara/.anyenv/envs/nodenv/versions/12.4.0/bin/node /usr/local/Cellar/yarn/1.22.4/libexec/bin/yarn.js init

PATH: 
  /Users/nakagawara/.anyenv/envs/nodenv/versions/12.4.0/bin:/Users/nakagawara/.nodenv/libexec:/Users/nakagawara/.anyenv/envs/nodenv/plugins/nodenv-vars/bin:/Users/nakagawara/.anyenv/envs/nodenv/plugins/node-build/bin:/Users/nakagawara/.anyenv/envs/nodenv/shims:/Users/nakagawara/.anyenv/envs/nodenv/bin:/Users/nakagawara/.anyenv/bin:/Users/nakagawara/.nodenv/bin:/usr/local/bin:/usr/bin:/bin:/usr/sbin:/sbin:/Library/Apple/usr/bin

Yarn version: 
  1.22.4

Node version: 
  12.4.0

Platform: 
  darwin x64

Trace: 
  Error: canceled
      at Interface.<anonymous> (/usr/local/Cellar/yarn/1.22.4/libexec/lib/cli.js:137008:13)
      at Interface.emit (events.js:200:13)
      at Interface._ttyWrite (readline.js:877:16)
      at ReadStream.onkeypress (readline.js:189:10)
      at ReadStream.emit (events.js:200:13)
      at emitKeys (internal/readline.js:424:14)
      at emitKeys.next (<anonymous>)
      at ReadStream.onData (readline.js:1145:36)
      at ReadStream.emit (events.js:200:13)
      at addChunk (_stream_readable.js:294:12)

npm manifest: 
  {
    "name": "html",
    "version": "1.0.0",
    "description": "",
    "main": "index.js",
    "homepage": "https://nkgwrn.github.io/reproduction-site-finc_recruit/",
    "scripts": {
      "build": "gulp",
      "start": "gulp watch",
      "deploy": "npm run build && gh-pages -d build"
    },
    "keywords": [],
    "author": "",
    "license": "ISC",
    "devDependencies": {
      "autoprefixer": "^9.7.6",
      "browser-sync": "^2.26.7",
      "gh-pages": "^3.1.0",
      "gulp": "^4.0.2",
      "gulp-autoprefixer": "^7.0.1",
      "gulp-copy": "^4.0.1",
      "gulp-ejs": "^5.1.0",
      "gulp-plumber": "^1.2.1",
      "gulp-postcss": "^8.0.0",
      "gulp-progeny": "^0.4.1",
      "gulp-rename": "^2.0.0",
      "gulp-sass": "^4.1.0",
      "gulp-sourcemaps": "^2.6.5"
    },
    "dependencies": {}
  }

yarn manifest: 
  No manifest

Lockfile: 
  No lockfile
